[2024-11-23 15:58:58] local.ERROR: Call to undefined function Illuminate\Filesystem\symlink() {"exception":"[object] (Error(code: 0): Call to undefined function Illuminate\\Filesystem\\symlink() at /home/simplepi/laravel/vendor/laravel/framework/src/Illuminate/Filesystem/Filesystem.php:355)
[stacktrace]
#0 /home/simplepi/laravel/vendor/laravel/framework/src/Illuminate/Foundation/Console/StorageLinkCommand.php(49): Illuminate\\Filesystem\\Filesystem->link()
#1 /home/simplepi/laravel/vendor/laravel/framework/src/Illuminate/Container/BoundMethod.php(36): Illuminate\\Foundation\\Console\\StorageLinkCommand->handle()
#2 /home/simplepi/laravel/vendor/laravel/framework/src/Illuminate/Container/Util.php(41): Illuminate\\Container\\BoundMethod::Illuminate\\Container\\{closure}()
#3 /home/simplepi/laravel/vendor/laravel/framework/src/Illuminate/Container/BoundMethod.php(93): Illuminate\\Container\\Util::unwrapIfClosure()
#4 /home/simplepi/laravel/vendor/laravel/framework/src/Illuminate/Container/BoundMethod.php(37): Illuminate\\Container\\BoundMethod::callBoundMethod()
#5 /home/simplepi/laravel/vendor/laravel/framework/src/Illuminate/Container/Container.php(662): Illuminate\\Container\\BoundMethod::call()
#6 /home/simplepi/laravel/vendor/laravel/framework/src/Illuminate/Console/Command.php(211): Illuminate\\Container\\Container->call()
#7 /home/simplepi/laravel/vendor/symfony/console/Command/Command.php(326): Illuminate\\Console\\Command->execute()
#8 /home/simplepi/laravel/vendor/laravel/framework/src/Illuminate/Console/Command.php(181): Symfony\\Component\\Console\\Command\\Command->run()
#9 /home/simplepi/laravel/vendor/symfony/console/Application.php(1096): Illuminate\\Console\\Command->run()
#10 /home/simplepi/laravel/vendor/symfony/console/Application.php(324): Symfony\\Component\\Console\\Application->doRunCommand()
#11 /home/simplepi/laravel/vendor/symfony/console/Application.php(175): Symfony\\Component\\Console\\Application->doRun()
#12 /home/simplepi/laravel/vendor/laravel/framework/src/Illuminate/Foundation/Console/Kernel.php(201): Symfony\\Component\\Console\\Application->run()
#13 /home/simplepi/laravel/artisan(37): Illuminate\\Foundation\\Console\\Kernel->handle()
#14 {main}
"} 
[2024-11-23 16:08:05] local.ERROR: Call to undefined function Illuminate\Filesystem\symlink() {"exception":"[object] (Error(code: 0): Call to undefined function Illuminate\\Filesystem\\symlink() at /home/simplepi/laravel/vendor/laravel/framework/src/Illuminate/Filesystem/Filesystem.php:355)
[stacktrace]
#0 /home/simplepi/laravel/vendor/laravel/framework/src/Illuminate/Foundation/Console/StorageLinkCommand.php(49): Illuminate\\Filesystem\\Filesystem->link()
#1 /home/simplepi/laravel/vendor/laravel/framework/src/Illuminate/Container/BoundMethod.php(36): Illuminate\\Foundation\\Console\\StorageLinkCommand->handle()
#2 /home/simplepi/laravel/vendor/laravel/framework/src/Illuminate/Container/Util.php(41): Illuminate\\Container\\BoundMethod::Illuminate\\Container\\{closure}()
#3 /home/simplepi/laravel/vendor/laravel/framework/src/Illuminate/Container/BoundMethod.php(93): Illuminate\\Container\\Util::unwrapIfClosure()
#4 /home/simplepi/laravel/vendor/laravel/framework/src/Illuminate/Container/BoundMethod.php(37): Illuminate\\Container\\BoundMethod::callBoundMethod()
#5 /home/simplepi/laravel/vendor/laravel/framework/src/Illuminate/Container/Container.php(662): Illuminate\\Container\\BoundMethod::call()
#6 /home/simplepi/laravel/vendor/laravel/framework/src/Illuminate/Console/Command.php(211): Illuminate\\Container\\Container->call()
#7 /home/simplepi/laravel/vendor/symfony/console/Command/Command.php(326): Illuminate\\Console\\Command->execute()
#8 /home/simplepi/laravel/vendor/laravel/framework/src/Illuminate/Console/Command.php(181): Symfony\\Component\\Console\\Command\\Command->run()
#9 /home/simplepi/laravel/vendor/symfony/console/Application.php(1096): Illuminate\\Console\\Command->run()
#10 /home/simplepi/laravel/vendor/symfony/console/Application.php(324): Symfony\\Component\\Console\\Application->doRunCommand()
#11 /home/simplepi/laravel/vendor/symfony/console/Application.php(175): Symfony\\Component\\Console\\Application->doRun()
#12 /home/simplepi/laravel/vendor/laravel/framework/src/Illuminate/Foundation/Console/Kernel.php(201): Symfony\\Component\\Console\\Application->run()
#13 /home/simplepi/laravel/artisan(37): Illuminate\\Foundation\\Console\\Kernel->handle()
#14 {main}
"} 
